<?xml version="1.0" encoding="UTF-8"?>
<!-- Generated by org.testng.reporters.JUnitXMLReporter -->
<testsuite ignored="4" hostname="LAPTOP-EA9TV5CO" failures="0" tests="4" name="Test cases" time="0.084" errors="0" timestamp="2024-01-18T12:24:44 IST">
  <testcase classname="testNG.GroupingExample" name="Moto1" time="0.01"/>
  <testcase classname="testNG.GroupingExample" name="Moto2" time="0.001"/>
  <testcase classname="testNG.GroupingExample" name="Vivo1" time="0.001"/>
  <testcase classname="testNG.GroupingExample" name="Vivo2" time="0.001"/>
  <testcase classname="testNG.GroupingExample" name="Apple2" time="0.0">
    <ignored/>
  </testcase> <!-- Apple2 -->
  <testcase classname="testNG.GroupingExample" name="Apple1" time="0.0">
    <ignored/>
  </testcase> <!-- Apple1 -->
  <testcase classname="testNG.GroupingExample" name="Lenovo2" time="0.0">
    <ignored/>
  </testcase> <!-- Lenovo2 -->
  <testcase classname="testNG.GroupingExample" name="Lenovo1" time="0.0">
    <ignored/>
  </testcase> <!-- Lenovo1 -->
</testsuite> <!-- Test cases -->
