<?xml version="1.0" encoding="UTF-8"?>
<!-- Generated by org.testng.reporters.JUnitXMLReporter -->
<testsuite ignored="0" hostname="LAPTOP-EA9TV5CO" failures="0" tests="3" name="Default test" time="0.088" errors="0" timestamp="2024-01-18T12:25:15 IST">
  <testcase classname="testNG.DependanciesManagement" name="highSchool" time="0.011"/>
  <testcase classname="testNG.DependanciesManagement" name="higherSecondary" time="0.002"/>
  <testcase classname="testNG.DependanciesManagement" name="engineering" time="0.002"/>
</testsuite> <!-- Default test -->
