<?xml version="1.0" encoding="UTF-8"?>
<testng-results ignored="0" total="3" passed="3" failed="0" skipped="0">
  <reporter-output>
  </reporter-output>
  <suite started-at="2024-01-18T12:25:15 IST" name="Default suite" finished-at="2024-01-18T12:25:15 IST" duration-ms="88">
    <groups>
    </groups>
    <test started-at="2024-01-18T12:25:15 IST" name="Default test" finished-at="2024-01-18T12:25:15 IST" duration-ms="88">
      <class name="testNG.DependanciesManagement">
        <test-method signature="highSchool()[pri:0, instance:testNG.DependanciesManagement@1a942c18]" started-at="2024-01-18T12:25:15 IST" name="highSchool" finished-at="2024-01-18T12:25:15 IST" duration-ms="11" status="PASS">
          <reporter-output>
          </reporter-output>
        </test-method> <!-- highSchool -->
        <test-method signature="higherSecondary()[pri:0, instance:testNG.DependanciesManagement@1a942c18]" started-at="2024-01-18T12:25:15 IST" name="higherSecondary" finished-at="2024-01-18T12:25:15 IST" depends-on-methods="testNG.DependanciesManagement.highSchool" duration-ms="2" status="PASS">
          <reporter-output>
          </reporter-output>
        </test-method> <!-- higherSecondary -->
        <test-method signature="engineering()[pri:0, instance:testNG.DependanciesManagement@1a942c18]" started-at="2024-01-18T12:25:15 IST" name="engineering" finished-at="2024-01-18T12:25:15 IST" depends-on-methods="testNG.DependanciesManagement.higherSecondary" duration-ms="2" status="PASS">
          <reporter-output>
          </reporter-output>
        </test-method> <!-- engineering -->
      </class> <!-- testNG.DependanciesManagement -->
    </test> <!-- Default test -->
  </suite> <!-- Default suite -->
</testng-results>
